[gmpg.org/xfn/11.html]
[backblue.gif]
[fade.gif]
[index.html]
[maxcdn.bootstrapcdn.com/index.html]
[use.fontawesome.com/index.html]
[localhost/bsu-open university/index.php/feed/index.html]
[localhost/bsu-open university/index.php/events/indexedf3.html]
[localhost/bsu-open university/index.php/comments/feed/index.html]
[maxcdn.bootstrapcdn.com/font-awesome/4.7.0/css/font-awesome.minae48.css]
[use.fontawesome.com/releases/v6.4.0/css/all.css]
[use.fontawesome.com/releases/v6.4.0/css/v4-shims.css]
[localhost/bsu-open university/wp-includes/js/jquery/jquery.mina767.js]
[localhost/bsu-open university/wp-includes/js/jquery/jquery-migrate.min6b00.js]
[localhost/bsu-open university/wp-includes/js/imagesloaded.mineda1.js]
[localhost/bsu-open university/wp-includes/js/masonry.min3a05.js]
[localhost/bsu-open university/wp-content/plugins/blog-designer/public/js/ticker.min5152.js]
[localhost/bsu-open university/wp-content/plugins/blog-designer/public/js/designer5152.js]
[localhost/bsu-open university/wp-content/plugins/embedpress/assets/js/pdfobject.mina4f3.js]
[localhost/bsu-open university/wp-content/themes/atua/assets/vendors/js/owl.carousel68b3.js]
[localhost/bsu-open university/xmlrpc0db0.php]
[localhost/bsu-open university/wp-includes/wlwmanifest.xml]
[localhost/bsu-open university/wp-content/uploads/2023/03/cropped-ou_logo-small-.5-2-150x150.png]
[localhost/bsu-open university/index.php/wp-json/index.html]
[localhost/bsu-open university/index.php/wp-json/tribe/tickets/v1/index.html]
[localhost/bsu-open university/index.php/wp-json/tribe/events/v1/index.html]
[localhost/bsu-open university/wp-content/uploads/2023/03/cropped-ou_logo-small-.5-2.png]
[localhost/bsu-open university/wp-content/uploads/2023/03/lavender-grad-1.jpg]
[localhost/bsu-open university/wp-content/uploads/2023/04/o-educ.jpg]
[connect.facebook.net/en_US/sdk/xfbml.customerchat.js]
[localhost/bsu-open university/wp-content/plugins/embedpress/assets/js/fronta4f3.js]
[2.gravatar.com/avatar/indexaae9.html]
[localhost/bsu-open university/wp-content/plugins/photo-gallery-builder/assets/js/lightbox.min9d52.js]
[localhost/bsu-open university/wp-content/plugins/photo-gallery-builder/assets/js/packery.min9d52.js]
[localhost/bsu-open university/wp-content/plugins/photo-gallery-builder/assets/js/isotope.pkgd9d52.js]
[localhost/bsu-open university/wp-content/plugins/photo-gallery-builder/assets/js/imagesloaded.pkgd.min9d52.js]
[localhost/bsu-open university/wp-content/themes/atua/assets/vendors/js/wow.minae48.js]
[localhost/bsu-open university/wp-content/themes/atua/assets/vendors/js/parallax.minae48.js]
[localhost/bsu-open university/wp-content/themes/atua/assets/js/themeae48.js]
[localhost/bsu-open university/wp-content/themes/atua/assets/js/customae48.js]
[localhost/bsu-open university/wp-content/plugins/custom-facebook-feed/assets/js/cff-scripts.min3cbe.js]
[localhost/bsu-open university/wp-content/plugins/the-events-calendar/common/src/resources/js/tribe-common.minc6ce.js]
[localhost/bsu-open university/wp-content/plugins/the-events-calendar/common/src/resources/js/utils/query-string.minc6ce.js]
[localhost/bsu-open university/wp-content/plugins/the-events-calendar/common/src/resources/js/underscore-before.js]
[localhost/bsu-open university/wp-includes/js/underscore.mind584.js]
[localhost/bsu-open university/wp-content/plugins/the-events-calendar/common/src/resources/js/underscore-after.js]
[localhost/bsu-open university/wp-content/plugins/the-events-calendar/src/resources/js/views/manager.min7e53.js]
[localhost/bsu-open university/wp-content/plugins/the-events-calendar/src/resources/js/views/breakpoints.min7e53.js]
[localhost/bsu-open university/index.html]
[gmpg.org/xfn/default.css]
[gmpg.org/xfn/.html]
[gmpg.org/xfn/intro.html]
[gmpg.org/xfn/faq.html]
[gmpg.org/xfn/thanks.html]
[gmpg.org/xfn/11.html]
[maxcdn.bootstrapcdn.com/'https_/www.bootstrapcdn.com/']
[maxcdn.bootstrapcdn.com/index.html]
[use.fontawesome.com/index.html]
[localhost/bsu-open university/wp-admin/admin-ajax.html]
[localhost/bsu-open university/wp-includes/fonts/dashicons7d4b.eot]
[localhost/bsu-open university/wp-includes/fonts/dashicons7d4b.ttf]
[localhost/bsu-open university/wp-includes/css/dashicons.minae48.css]
[localhost/bsu-open university/wp-content/plugins/menu-icons/vendor/codeinwp/icon-picker/css/types/Elusive-Icons.eot]
[localhost/bsu-open university/wp-content/plugins/menu-icons/vendor/codeinwp/icon-picker/css/types/Elusive-Icons.ttf]
[localhost/bsu-open university/wp-content/plugins/menu-icons/vendor/codeinwp/icon-picker/css/types/Elusive-Icons.woff]
[localhost/bsu-open university/wp-content/plugins/menu-icons/vendor/codeinwp/icon-picker/css/types/Elusive-Iconsd41d.eot]
[localhost/bsu-open university/wp-content/plugins/menu-icons/vendor/codeinwp/icon-picker/css/types/elusive.mind5f7.css]
[localhost/bsu-open university/wp-content/plugins/menu-icons/vendor/codeinwp/icon-picker/css/types/foundation-icons.eot]
[localhost/bsu-open university/wp-content/plugins/menu-icons/vendor/codeinwp/icon-picker/css/types/foundation-icons.woff]
[localhost/bsu-open university/wp-content/plugins/menu-icons/vendor/codeinwp/icon-picker/css/types/foundation-iconsd41d.eot]
[localhost/bsu-open university/wp-content/plugins/menu-icons/vendor/codeinwp/icon-picker/css/types/foundation-icons.ttf]
[localhost/bsu-open university/wp-content/plugins/menu-icons/vendor/codeinwp/icon-picker/css/types/foundation-icons.min6aec.css]
[localhost/bsu-open university/wp-content/plugins/menu-icons/vendor/codeinwp/icon-picker/css/types/Genericonsd41d.eot]
[localhost/bsu-open university/wp-content/plugins/menu-icons/vendor/codeinwp/icon-picker/css/types/Genericons.ttf]
[localhost/bsu-open university/wp-content/plugins/menu-icons/vendor/codeinwp/icon-picker/css/types/genericons.mine735.css]
[localhost/bsu-open university/wp-content/plugins/menu-icons/css/extra.min1bd9.css]
[localhost/bsu-open university/wp-includes/css/dist/block-library/style.minae48.css]
[localhost/bsu-open university/wp-content/plugins/embedpress/Gutenberg/dist/blocks.style.build78d3.css]
[localhost/bsu-open university/wp-includes/css/classic-themes.minae48.css]
[localhost/bsu-open university/wp-content/plugins/blog-designer/admin/fonts/fa-brands-400.eot]
[localhost/bsu-open university/wp-content/plugins/blog-designer/admin/fonts/fa-brands-400d41d.eot]
[localhost/bsu-open university/wp-content/plugins/blog-designer/admin/fonts/fa-brands-400.woff2]
[localhost/bsu-open university/wp-content/plugins/blog-designer/admin/fonts/fa-brands-400.woff]
[localhost/bsu-open university/wp-content/plugins/blog-designer/admin/fonts/fa-brands-400.ttf]
[localhost/bsu-open university/wp-content/plugins/blog-designer/admin/fonts/fa-regular-400.eot]
[localhost/bsu-open university/wp-content/plugins/blog-designer/admin/fonts/fa-regular-400.woff2]
[localhost/bsu-open university/wp-content/plugins/blog-designer/admin/fonts/fa-regular-400d41d.eot]
[localhost/bsu-open university/wp-content/plugins/blog-designer/admin/fonts/fa-regular-400.woff]
[localhost/bsu-open university/wp-content/plugins/blog-designer/admin/fonts/fa-regular-400.ttf]
[localhost/bsu-open university/wp-content/plugins/blog-designer/admin/fonts/fa-solid-900.eot]
[localhost/bsu-open university/wp-content/plugins/blog-designer/admin/fonts/fa-solid-900.woff2]
[localhost/bsu-open university/wp-content/plugins/blog-designer/admin/fonts/fa-solid-900d41d.eot]
[localhost/bsu-open university/wp-content/plugins/blog-designer/admin/fonts/fa-solid-900.woff]
[localhost/bsu-open university/wp-content/plugins/blog-designer/admin/fonts/fa-solid-900.ttf]
[localhost/bsu-open university/wp-content/plugins/blog-designer/admin/css/fontawesome-all.min5152.css]
[localhost/bsu-open university/wp-content/plugins/blog-designer/public/images/arrow1.png]
[localhost/bsu-open university/wp-content/plugins/blog-designer/public/css/designer_css5152.css]
[localhost/bsu-open university/wp-content/plugins/embedpress/assets/css/embedpressae48.css]
[localhost/bsu-open university/wp-content/plugins/photo-gallery-builder/assets/images/loading.gif]
[localhost/bsu-open university/wp-content/plugins/photo-gallery-builder/assets/css/lightbox.min9d52.css]
[localhost/bsu-open university/wp-content/plugins/photo-gallery-builder/assets/css/bootstrap-front9d52.css]
[localhost/bsu-open university/wp-content/plugins/photo-gallery-builder/assets/css/font-awesome-latest/webfonts/fa-brands-400.eot]
[localhost/bsu-open university/wp-content/plugins/photo-gallery-builder/assets/css/font-awesome-latest/webfonts/fa-brands-400.woff2]
[localhost/bsu-open university/wp-content/plugins/photo-gallery-builder/assets/css/font-awesome-latest/webfonts/fa-brands-400d41d.eot]
[localhost/bsu-open university/wp-content/plugins/photo-gallery-builder/assets/css/font-awesome-latest/webfonts/fa-brands-400.woff]
[localhost/bsu-open university/wp-content/plugins/photo-gallery-builder/assets/css/font-awesome-latest/webfonts/fa-brands-400.ttf]
[localhost/bsu-open university/wp-content/plugins/photo-gallery-builder/assets/css/font-awesome-latest/webfonts/fa-regular-400.eot]
[localhost/bsu-open university/wp-content/plugins/photo-gallery-builder/assets/css/font-awesome-latest/webfonts/fa-regular-400.woff2]
[localhost/bsu-open university/wp-content/plugins/photo-gallery-builder/assets/css/font-awesome-latest/webfonts/fa-regular-400d41d.eot]
[localhost/bsu-open university/wp-content/plugins/photo-gallery-builder/assets/css/font-awesome-latest/webfonts/fa-regular-400.woff]
[localhost/bsu-open university/wp-content/plugins/photo-gallery-builder/assets/css/font-awesome-latest/webfonts/fa-regular-400.ttf]
[localhost/bsu-open university/wp-content/plugins/photo-gallery-builder/assets/css/font-awesome-latest/webfonts/fa-solid-900.eot]
[localhost/bsu-open university/wp-content/plugins/photo-gallery-builder/assets/css/font-awesome-latest/webfonts/fa-solid-900.woff2]
[localhost/bsu-open university/wp-content/plugins/photo-gallery-builder/assets/css/font-awesome-latest/webfonts/fa-solid-900d41d.eot]
[localhost/bsu-open university/wp-content/plugins/photo-gallery-builder/assets/css/font-awesome-latest/webfonts/fa-solid-900.woff]
[localhost/bsu-open university/wp-content/plugins/photo-gallery-builder/assets/css/font-awesome-latest/webfonts/fa-solid-900.ttf]
[localhost/bsu-open university/wp-content/plugins/photo-gallery-builder/assets/css/font-awesome-latest/css/fontawesome-all.minae48.css]
[localhost/bsu-open university/wp-content/plugins/wp-menu-icons/build/frontend/css/style41fe.css]
[localhost/bsu-open university/wp-content/themes/atua/assets/vendors/css/owl.carousel.minae48.css]
[localhost/bsu-open university/wp-content/themes/atua/assets/vendors/webfonts/fa-brands-400.woff2]
[localhost/bsu-open university/wp-content/themes/atua/assets/vendors/webfonts/fa-brands-400.ttf]
[localhost/bsu-open university/wp-content/themes/atua/assets/vendors/webfonts/fa-regular-400.woff2]
[localhost/bsu-open university/wp-content/themes/atua/assets/vendors/webfonts/fa-regular-400.ttf]
[localhost/bsu-open university/wp-content/themes/atua/assets/vendors/webfonts/fa-solid-900.woff2]
[localhost/bsu-open university/wp-content/themes/atua/assets/vendors/webfonts/fa-solid-900.ttf]
[localhost/bsu-open university/wp-content/themes/atua/assets/vendors/webfonts/fa-v4compatibility.woff2]
[localhost/bsu-open university/wp-content/themes/atua/assets/vendors/webfonts/fa-v4compatibility.ttf]
[localhost/bsu-open university/wp-content/themes/atua/assets/vendors/css/allae48.css]
[localhost/bsu-open university/wp-content/themes/atua/assets/vendors/css/animateae48.css]
[localhost/bsu-open university/wp-content/themes/atua/assets/css/coreae48.css]
[localhost/bsu-open university/wp-content/themes/atua/assets/css/themesae48.css]
[localhost/bsu-open university/wp-content/themes/atua/assets/css/woo-stylesae48.css]
[localhost/bsu-open university/wp-content/themes/atus/styleae48.css]
[localhost/bsu-open university/wp-content/fonts/dm-sans/rP2Hp2ywxg089UriCZ2IHSeH.woff2]
[localhost/bsu-open university/wp-content/fonts/dm-sans/rP2Hp2ywxg089UriCZOIHQ.woff2]
[localhost/bsu-open university/wp-content/fonts/dm-sans/rP2Cp2ywxg089UriAWCrCBamC2QX.woff2]
[localhost/bsu-open university/wp-content/fonts/dm-sans/rP2Cp2ywxg089UriAWCrCBimCw.woff2]
[localhost/bsu-open university/wp-content/fonts/dm-sans/rP2Cp2ywxg089UriASitCBamC2QX.woff2]
[localhost/bsu-open university/wp-content/fonts/dm-sans/rP2Cp2ywxg089UriASitCBimCw.woff2]
[localhost/bsu-open university/wp-content/fonts/red-hat-display/8vIQ7wUr0m80wwYf0QCXZzYzUoTg8z6hVYs.woff2]
[localhost/bsu-open university/wp-content/fonts/red-hat-display/8vIQ7wUr0m80wwYf0QCXZzYzUoTg_T6h.woff2]
[localhost/bsu-open university/wp-content/fonts/d3418984b627a2705c6c113bc800f508.css]
[localhost/bsu-open university/wp-content/plugins/custom-facebook-feed/assets/img/cff-avatar.png]
[localhost/bsu-open university/wp-content/plugins/custom-facebook-feed/assets/css/cff-style.min3cbe.css]
[maxcdn.bootstrapcdn.com/font-awesome/4.7.0/fonts/fontawesome-webfont3e6e.woff2]
[maxcdn.bootstrapcdn.com/font-awesome/4.7.0/fonts/fontawesome-webfont3e6e.woff]
[maxcdn.bootstrapcdn.com/font-awesome/4.7.0/fonts/fontawesome-webfontd41d.eot]
[maxcdn.bootstrapcdn.com/font-awesome/4.7.0/fonts/fontawesome-webfont3e6e.eot]
[maxcdn.bootstrapcdn.com/font-awesome/4.7.0/css/font-awesome.minae48.css]
[maxcdn.bootstrapcdn.com/font-awesome/4.7.0/fonts/fontawesome-webfont3e6e.ttf]
[maxcdn.bootstrapcdn.com/font-awesome/4.7.0/fonts/fontawesome-webfont3e6e.svg]
[use.fontawesome.com/releases/v6.4.0/webfonts/fa-brands-400.woff2]
[use.fontawesome.com/releases/v6.4.0/webfonts/fa-brands-400.ttf]
[use.fontawesome.com/releases/v6.4.0/webfonts/fa-regular-400.woff2]
[use.fontawesome.com/releases/v6.4.0/webfonts/fa-regular-400.ttf]
[use.fontawesome.com/releases/v6.4.0/webfonts/fa-solid-900.woff2]
[use.fontawesome.com/releases/v6.4.0/webfonts/fa-solid-900.ttf]
[use.fontawesome.com/releases/v6.4.0/webfonts/fa-v4compatibility.woff2]
[use.fontawesome.com/releases/v6.4.0/css/all.css]
[localhost/bsu-open university/wp-content/themes/atua/styleae48.css]
[use.fontawesome.com/releases/v6.4.0/css/v4-shims.css]
[use.fontawesome.com/releases/v6.4.0/webfonts/fa-v4compatibility.ttf]
[localhost/bsu-open university/index.php/wp-json/wp/v2/pages/12.json]
[localhost/bsu-open university/index.php/wp-json/oembed/1.0/embed5956.json]
[localhost/bsu-open university/index.php/wp-json/oembed/1.0/embedee86]
[localhost/bsu-open university/wp-content/plugins/event-tickets/src/resources/js/rsvp.min0225.js]
[localhost/bsu-open university/wp-content/plugins/event-tickets/src/resources/js/ticket-details.min0225.js]
[localhost/bsu-open university/index.php/about/index.html]
[localhost/bsu-open university/index.php/wp-json/wp/v2/pages/15.json]
[localhost/bsu-open university/index.php/wp-json/oembed/1.0/embed89c1.json]
[localhost/bsu-open university/index.php/wp-json/oembed/1.0/embed193e]
[localhost/bsu-open university/index.php/home__trashed/programs-offered/index.html]
[localhost/bsu-open university/index.php/wp-json/wp/v2/pages/37.json]
[localhost/bsu-open university/index.php/wp-json/oembed/1.0/embed1a2c.json]
[localhost/bsu-open university/index.php/wp-json/oembed/1.0/embed992c]
[localhost/bsu-open university/index.php/fees/index.html]
[localhost/bsu-open university/index.php/wp-json/wp/v2/pages/22.json]
[localhost/bsu-open university/index.php/wp-json/oembed/1.0/embed2fc2.json]
[localhost/bsu-open university/index.php/wp-json/oembed/1.0/embed7458]
[localhost/bsu-open university/wp-content/uploads/2023/03/OU-Form-1-Application-for-Admission-1-1.pdf]
[localhost/bsu-open university/wp-content/uploads/2023/03/OU-Form-2-Recommendation-Form-1-1.pdf]
[localhost/bsu-open university/wp-content/uploads/2023/03/OU-Form-3-Permit-to-Study-1-1.pdf]
[localhost/bsu-open university/index.php/admission-requirements/index.html]
[localhost/bsu-open university/index.php/wp-json/wp/v2/pages/803.json]
[localhost/bsu-open university/index.php/wp-json/oembed/1.0/embedecd4.json]
[localhost/bsu-open university/index.php/wp-json/oembed/1.0/embed7207]
[localhost/bsu-open university/index.php/submission/index.html]
[localhost/bsu-open university/index.php/wp-json/wp/v2/pages/810.json]
[localhost/bsu-open university/index.php/wp-json/oembed/1.0/embed849d.json]
[localhost/bsu-open university/index.php/wp-json/oembed/1.0/embed5e5c]
[localhost/bsu-open university/index.php/application-status/index.html]
[localhost/bsu-open university/wp-content/plugins/the-events-calendar/vendor/bootstrap-datepicker/js/bootstrap-datepicker.min7e53.js]
[localhost/bsu-open university/wp-content/plugins/the-events-calendar/src/resources/js/views/viewport.min7e53.js]
[localhost/bsu-open university/index.php/events/feed/index.html]
[localhost/bsu-open university/wp-content/plugins/the-events-calendar/src/resources/js/views/accordion.min7e53.js]
[localhost/bsu-open university/wp-content/plugins/the-events-calendar/src/resources/js/views/view-selector.min7e53.js]
[localhost/bsu-open university/wp-content/plugins/the-events-calendar/src/resources/js/views/ical-links.min7e53.js]
[localhost/bsu-open university/wp-content/plugins/the-events-calendar/src/resources/js/views/navigation-scroll.min7e53.js]
[localhost/bsu-open university/wp-content/plugins/the-events-calendar/src/resources/js/views/multiday-events.min7e53.js]
[localhost/bsu-open university/wp-content/plugins/the-events-calendar/src/resources/js/views/month-mobile-events.min7e53.js]
[localhost/bsu-open university/wp-content/plugins/the-events-calendar/src/resources/js/views/month-grid.min7e53.js]
[localhost/bsu-open university/wp-content/plugins/the-events-calendar/common/vendor/tooltipster/tooltipster.bundle.minc6ce.js]
[localhost/bsu-open university/wp-content/plugins/the-events-calendar/src/resources/js/views/tooltip.min7e53.js]
[localhost/bsu-open university/wp-content/plugins/the-events-calendar/src/resources/js/views/events-bar.min7e53.js]
[localhost/bsu-open university/wp-content/plugins/the-events-calendar/src/resources/js/views/events-bar-inputs.min7e53.js]
[localhost/bsu-open university/wp-content/plugins/the-events-calendar/src/resources/js/views/datepicker.min7e53.js]
[localhost/bsu-open university/index.php/events/index.html]
[localhost/bsu-open university/index.php/wp-json/wp/v2/pages/243.json]
[localhost/bsu-open university/index.php/wp-json/oembed/1.0/embedff3c.json]
[localhost/bsu-open university/index.php/wp-json/oembed/1.0/embedc60b]
[localhost/bsu-open university/wp-content/uploads/2023/03/Permit-to-Add-1.pdf]
[localhost/bsu-open university/wp-content/uploads/2023/03/Permit-to-Change-Course-1.pdf]
[localhost/bsu-open university/wp-content/uploads/2023/03/Permit-to-Withdraw-1.pdf]
[localhost/bsu-open university/wp-content/uploads/2023/03/APPLICATION-FOR-MAKE-UP-CLASS-NEW-FORM-1.pdf]
[localhost/bsu-open university/wp-content/uploads/2023/03/BROCHURE-1-1.pdf]
[localhost/bsu-open university/index.php/downloads/index.html]
[localhost/bsu-open university/index.php/wp-json/wp/v2/pages/323.json]
[localhost/bsu-open university/index.php/wp-json/oembed/1.0/embed67c9.json]
[localhost/bsu-open university/index.php/wp-json/oembed/1.0/embed02ce]
[localhost/bsu-open university/index.php/lms-portal/index.html]
[localhost/bsu-open university/wp-content/uploads/2023/03/lms-copy-1.png]
[localhost/bsu-open university/index.php/wp-json/wp/v2/pages/44.json]
[localhost/bsu-open university/index.php/wp-json/oembed/1.0/embed98ca.json]
[localhost/bsu-open university/index.php/wp-json/oembed/1.0/embedb299]
[localhost/bsu-open university/index.php/contact-us/index.html]
[localhost/bsu-open university/index.php/wp-json/wp/v2/posts/1076.json]
[localhost/bsu-open university/index.php/2023/04/13/features-and-benefits-of-online-education/feed/index.html]
[localhost/bsu-open university/index.php/wp-json/oembed/1.0/embed6fea.json]
[localhost/bsu-open university/index.php/wp-json/oembed/1.0/embede484]
[localhost/bsu-open university/wp-includes/js/comment-reply.minae48.js]
[localhost/bsu-open university/index.php/2023/04/13/features-and-benefits-of-online-education/index.html]
[localhost/bsu-open university/index.php/wp-json/wp/v2/users/1.json]
[localhost/bsu-open university/index.php/author/dante/index.html]
[localhost/bsu-open university/index.php/author/dante/feed/index.html]
[localhost/bsu-open university/index.php/wp-json/wp/v2/categories/1.json]
[localhost/bsu-open university/index.php/category/uncategorized/index.html]
[localhost/bsu-open university/index.php/wp-json/tribe/views/v2/html.json]
[localhost/bsu-open university/index.php/category/uncategorized/feed/index.html]
[localhost/bsu-open university/index.php/event/bsu-freshmen-orientation/feed/index.html]
[localhost/bsu-open university/index.php/wp-json/wp/v2/tribe_events/827.json]
[localhost/bsu-open university/index.php/wp-json/oembed/1.0/embed5c14.json]
[localhost/bsu-open university/index.php/wp-json/oembed/1.0/embed62fd]
[localhost/bsu-open university/index.php/wp-json/tribe/events/v1/events/827.json]
[localhost/bsu-open university/wp-content/plugins/the-events-calendar/src/resources/images/tribe-loading.gif]
[localhost/bsu-open university/index.php/event/bsu-freshmen-orientation/index.html]
[localhost/bsu-open university/events/index.html]
[localhost/bsu-open university/index.php/2023/04/index.html]
[localhost/BSU-Open University/index-2.html]
[localhost/bsu-open university/wp-content/themes/atua/assets/images/shape/shape_15.svg]
[localhost/bsu-open university/wp-content/themes/atua/assets/images/shape/shape_16.svg]
[localhost/bsu-open university/indexda21.html]
[connect.facebook.net/en_US/sdk/xfbml.customerchat.js]
[localhost/bsu-open university/wp-content/plugins/the-events-calendar/common/src/resources/css/variables-skeleton.minc6ce.css]
[localhost/bsu-open university/wp-content/plugins/the-events-calendar/common/src/resources/css/common-skeleton.minc6ce.css]
[localhost/bsu-open university/wp-content/plugins/the-events-calendar/src/resources/css/widget-events-list-skeleton.min7e53.css]
[localhost/bsu-open university/wp-content/plugins/the-events-calendar/common/src/resources/css/variables-full.minc6ce.css]
[localhost/bsu-open university/wp-content/plugins/the-events-calendar/common/src/resources/css/common-full.minc6ce.css]
[localhost/bsu-open university/wp-content/plugins/the-events-calendar/src/resources/css/widget-events-list-full.min7e53.css]
[gmpg.org/xfn/default.css]
[gmpg.org/xfn/join.html]
[gmpg.org/xfn/index.html]
[gmpg.org/xfn/background.html]
[gmpg.org/xfn/tools.html]
[gmpg.org/xfn/helping.html]
[gmpg.org/xfn/and/index.html]
[gmpg.org/xfn/feedback.html]
[gmpg.org/xfn/creator.html]
[gmpg.org/xfn/more.html]
[gmpg.org/xfn/press.html]
[gmpg.org/xfn/index-2.html]
[gmpg.org/xfn/.html]
[gmpg.org/xfn/pix/intro/five-met.gif]
[gmpg.org/xfn/pix/intro/five-acqfr.gif]
[gmpg.org/xfn/pix/intro/five-prof.gif]
[gmpg.org/xfn/pix/intro/five-lovefam.gif]
[gmpg.org/xfn/intro.html]
[gmpg.org/xfn/faq.html]
[gmpg.org/xfn/thanks.html]
[maxcdn.bootstrapcdn.com/'https_/www.bootstrapcdn.com/'.html]
[localhost/bsu-open university/wp-content/plugins/menu-icons/vendor/codeinwp/icon-picker/css/types/Elusive-Icons.svg]
[localhost/bsu-open university/wp-content/plugins/menu-icons/vendor/codeinwp/icon-picker/css/types/foundation-icons.svg]
[localhost/bsu-open university/wp-content/plugins/menu-icons/vendor/codeinwp/icon-picker/css/types/Genericons.svg]
[localhost/bsu-open university/wp-content/plugins/blog-designer/admin/fonts/fa-brands-400.svg]
[localhost/bsu-open university/wp-content/plugins/blog-designer/admin/fonts/fa-regular-400.svg]
[localhost/bsu-open university/wp-content/plugins/blog-designer/admin/fonts/fa-solid-900.svg]
[localhost/bsu-open university/wp-content/plugins/blog-designer/public/images/glyphicons-halflings.html]
[localhost/bsu-open university/wp-content/plugins/blog-designer/public/images/navigation4.html]
[localhost/bsu-open university/wp-content/plugins/photo-gallery-builder/assets/css/font-awesome-latest/webfonts/fa-brands-400.svg]
[localhost/bsu-open university/wp-content/plugins/photo-gallery-builder/assets/css/font-awesome-latest/webfonts/fa-regular-400.svg]
[localhost/bsu-open university/wp-content/plugins/photo-gallery-builder/assets/css/font-awesome-latest/webfonts/fa-solid-900.svg]
[localhost/bsu-open university/wp-content/themes/atua/assets/vendors/css/owl.video.play.html]
[localhost/bsu-open university/wp-content/themes/atua/assets/images/shape/shape_0.svg]
[localhost/bsu-open university/wp-content/themes/atua/assets/images/icon-select.html]
[maxcdn.bootstrapcdn.com/font-awesome/4.7.0/fonts/fontawesome-webfont3e6e.svg]
[localhost/bsu-open university/wp-content/plugins/event-tickets/src/resources/css/tickets.min0225.css]
[localhost/bsu-open university/wp-content/plugins/event-tickets/src/resources/css/rsvp-v1.min0225.css]
[localhost/bsu-open university/wp-content/plugins/event-tickets/src/resources/css/rsvp.min0225.css]
[localhost/bsu-open university/wp-content/plugins/event-tickets/src/resources/css/tpp.min0225.css]
[localhost/bsu-open university/index678b.html]
[localhost/BSU-Open University/index3b72.html]
[localhost/bsu-open university/indexa1ca.html]
[localhost/bsu-open university/index09e5.html]
[localhost/BSU-Open University/index1c83.html]
[localhost/BSU-Open University/index.php/programs-offered/master-in-community-health-development/index.html]
[localhost/BSU-Open University/index.php/programs-offered/master-in-cooperative-management/index.html]
[localhost/BSU-Open University/index.php/programs-offered/master-in-development-communication/index.html]
[localhost/BSU-Open University/index.php/programs-offered/master-in-human-resource-management/index.html]
[localhost/BSU-Open University/index.php/home/programs-offered/master-in-urban-management/index.html]
[localhost/BSU-Open University/index.php/programs-offered/master-in-non-formal-education/index.html]
[localhost/bsu-open university/index4837.html]
[localhost/BSU-Open University/index.php/contact-us/index-2.html]
[localhost/bsu-open university/index0345.html]
[localhost/bsu-open university/index9628.html]
[localhost/BSU-Open University/index.php/admission-requirements/index-2.html]
[localhost/bsu-open university/index7efb.html]
[localhost/bsu-open university/wp-content/plugins/the-events-calendar/vendor/bootstrap-datepicker/css/bootstrap-datepicker.standalone.min7e53.css]
[localhost/bsu-open university/wp-content/plugins/the-events-calendar/common/vendor/tooltipster/tooltipster.bundle.minc6ce.css]
[localhost/bsu-open university/wp-content/plugins/the-events-calendar/src/resources/css/views-skeleton.min7e53.css]
[localhost/bsu-open university/wp-content/plugins/the-events-calendar/src/resources/css/views-full.min7e53.css]
[localhost/bsu-open university/wp-content/plugins/the-events-calendar/src/resources/css/views-print.min7e53.css]
[localhost/bsu-open university/events/list/index.html]
[localhost/bsu-open university/events/month/index.html]
[localhost/bsu-open university/events/today/index.html]
[localhost/bsu-open university/events/list/index58bb.html]
[localhost/bsu-open university/events/list/indexedf3.html]
[localhost/bsu-open university/events/list/index1fda.html]
[localhost/bsu-open university/indexfbc5.html]
[localhost/bsu-open university/index3cee.html]
[localhost/bsu-open university/index49b1.html]
[localhost/bsu-open university/xmlrpc.php]
[localhost/bsu-open university/indexa83f.html]
[localhost/bsu-open university/wp-content/plugins/the-events-calendar/src/resources/css/tribe-events-single-skeleton.min7e53.css]
[localhost/bsu-open university/wp-content/plugins/the-events-calendar/src/resources/css/tribe-events-single-full.min7e53.css]
[localhost/bsu-open university/indexc6a5.html]
[localhost/bsu-open university/index.php/2023/index.html]
[localhost/bsu-open university/chrome-extension_/index.html]
[localhost/bsu-open university/^([^_/indexd41d.html]
[localhost/bsu-open university/ABCDEFGHIJKLMNOPQRSTUVWXYZabcdefghijklmnopqrstuvwxyz0123456789+/index.html]
[localhost/bsu-open university/GET.html]
[localhost/bsu-open university/dialog/index.html]
[localhost/bsu-open university/LiveChatEvent/index.html]
[gmpg.org/xfn/index.html]
[gmpg.org/xfn/1.html]
[gmpg.org/xfn/xfn-btn.gif]
[gmpg.org/xfn/join.html]
[gmpg.org/xfn/background.html]
[gmpg.org/xfn/creator-fr.html]
[gmpg.org/xfn/creator-it.html]
[gmpg.org/xfn/creator-es.html]
[gmpg.org/xfn/creator-nl.html]
[gmpg.org/xfn/creator-cs.html]
[gmpg.org/xfn/creator-ja.html]
[gmpg.org/xfn/tools.html]
[gmpg.org/xfn/pix/mememememe.png]
[gmpg.org/xfn/and/foaf.html]
[gmpg.org/xfn/and/index-2.html]
[gmpg.org/xfn/and/index.html]
[gmpg.org/xfn/helping.html]
[gmpg.org/xfn/feedback.html]
[gmpg.org/xfn/creator.html]
[gmpg.org/xfn/xfn-mini.gif]
[gmpg.org/xfn/more.html]
[gmpg.org/xfn/press.html]
[gmpg.org/xfn/index-2.html]
[localhost/bsu-open university/index.php/wp-json/wp/v2/pages/272.json]
[localhost/bsu-open university/index.php/wp-json/oembed/1.0/embed9e7d.json]
[localhost/bsu-open university/index.php/wp-json/oembed/1.0/embeda018]
[localhost/bsu-open university/wp-content/uploads/2023/03/MCD-1.pdf]
[localhost/bsu-open university/index.php/home__trashed/programs-offered/master-in-community-development/index.html]
[localhost/bsu-open university/index.php/wp-json/wp/v2/pages/276.json]
[localhost/bsu-open university/index.php/wp-json/oembed/1.0/embed9e01.json]
[localhost/bsu-open university/index.php/wp-json/oembed/1.0/embed8a62]
[localhost/bsu-open university/wp-content/uploads/2023/03/MCHD-1.pdf]
[localhost/bsu-open university/index.php/home__trashed/programs-offered/master-in-community-health-development/index.html]
[localhost/bsu-open university/index.php/wp-json/wp/v2/pages/278.json]
[localhost/bsu-open university/index.php/wp-json/oembed/1.0/embed1faa.json]
[localhost/bsu-open university/index.php/wp-json/oembed/1.0/embed284f]
[localhost/bsu-open university/wp-content/uploads/2023/03/MCM-1.pdf]
[localhost/bsu-open university/index.php/home__trashed/programs-offered/master-in-cooperative-management/index.html]
[localhost/bsu-open university/index.php/wp-json/wp/v2/pages/281.json]
[localhost/bsu-open university/index.php/wp-json/oembed/1.0/embede1b9.json]
[localhost/bsu-open university/index.php/wp-json/oembed/1.0/embede3a2]
[localhost/bsu-open university/wp-content/uploads/2023/03/MDC-1.pdf]
[localhost/bsu-open university/index.php/home__trashed/programs-offered/master-in-development-communication/index.html]
[localhost/bsu-open university/index.php/wp-json/wp/v2/pages/284.json]
[localhost/bsu-open university/index.php/wp-json/oembed/1.0/embed31fd.json]
[localhost/bsu-open university/index.php/wp-json/oembed/1.0/embedcdaa]
[localhost/bsu-open university/wp-content/uploads/2023/03/MHRM-1.pdf]
[localhost/bsu-open university/index.php/home__trashed/programs-offered/master-in-human-resource-management/index.html]
[localhost/bsu-open university/index.php/wp-json/wp/v2/pages/288.json]
[localhost/bsu-open university/index.php/wp-json/oembed/1.0/embed2904.json]
[localhost/bsu-open university/index.php/wp-json/oembed/1.0/embed02b0]
[localhost/bsu-open university/wp-content/uploads/2023/03/MUM-1.pdf]
[localhost/bsu-open university/index.php/home__trashed/programs-offered/master-in-urban-management/index.html]
[localhost/bsu-open university/index.php/wp-json/wp/v2/pages/286.json]
[localhost/bsu-open university/index.php/wp-json/oembed/1.0/embede8ce.json]
[localhost/bsu-open university/index.php/wp-json/oembed/1.0/embedfb41]
[localhost/bsu-open university/wp-content/uploads/2023/03/MNFE-1.pdf]
[localhost/bsu-open university/index.php/home__trashed/programs-offered/master-in-non-formal-education/index.html]
[localhost/bsu-open university/wp-content/plugins/the-events-calendar/src/resources/images/alert.svg]
[gmpg.org/xfn/1.html]
[gmpg.org/xfn/creator-fr.html]
[gmpg.org/xfn/creator-it.html]
[gmpg.org/xfn/creator-es.html]
[gmpg.org/xfn/creator-nl.html]
[gmpg.org/xfn/creator-cs.html]
[gmpg.org/xfn/creator-ja.html]
[gmpg.org/xfn/and/foaf.html]
[gmpg.org/xfn/and/index-2.html]
[gmpg.org/xfn/count.css]
[localhost/bsu-open university/indexcde3.html]
[localhost/bsu-open university/index44be.html]
[localhost/bsu-open university/index1641.html]
[localhost/bsu-open university/index73fa.html]
[localhost/BSU-Open University/index.php/2023/03/21/master-in-community-development/index.html]
[localhost/bsu-open university/index7b2c.html]
[localhost/bsu-open university/index1d24.html]
[localhost/BSU-Open University/index.php/2023/03/21/master-in-non-formal-education/index.html]
[localhost/bsu-open university/index5c97.html]
[junk.metafilter.com/xfn.gif]
